e:\csulb\cecs449\project\finalproject\x64\debug\vc143.pdb
e:\csulb\cecs449\project\finalproject\x64\debug\vc143.idb
e:\csulb\cecs449\project\finalproject\x64\debug\skeletalobject.obj
e:\csulb\cecs449\project\finalproject\x64\debug\skeletalmesh.obj
e:\csulb\cecs449\project\finalproject\x64\debug\skeletal.obj
e:\csulb\cecs449\project\finalproject\x64\debug\shaderprogram.obj
e:\csulb\cecs449\project\finalproject\x64\debug\object3d.obj
e:\csulb\cecs449\project\finalproject\x64\debug\mesh3d.obj
e:\csulb\cecs449\project\finalproject\x64\debug\main.obj
e:\csulb\cecs449\project\finalproject\x64\debug\glad.obj
e:\csulb\cecs449\project\finalproject\x64\debug\assimpimport.obj
e:\csulb\cecs449\project\finalproject\x64\debug\animator.obj
e:\csulb\cecs449\project\x64\debug\assimp-vc143-mtd.dll
e:\csulb\cecs449\project\x64\debug\poly2tri.dll
e:\csulb\cecs449\project\x64\debug\minizip.dll
e:\csulb\cecs449\project\x64\debug\zlibd1.dll
e:\csulb\cecs449\project\x64\debug\pugixml.dll
e:\csulb\cecs449\project\x64\debug\finalproject.exe
e:\csulb\cecs449\project\finalproject\x64\debug\finalproject.ilk
e:\csulb\cecs449\project\x64\debug\finalproject.pdb
e:\csulb\cecs449\project\finalproject\x64\debug\finalproject.tlog\cl.command.1.tlog
e:\csulb\cecs449\project\finalproject\x64\debug\finalproject.tlog\cl.items.tlog
e:\csulb\cecs449\project\finalproject\x64\debug\finalproject.tlog\cl.read.1.tlog
e:\csulb\cecs449\project\finalproject\x64\debug\finalproject.tlog\cl.write.1.tlog
e:\csulb\cecs449\project\finalproject\x64\debug\finalproject.tlog\finalproject.write.1u.tlog
e:\csulb\cecs449\project\finalproject\x64\debug\finalproject.tlog\link.command.1.tlog
e:\csulb\cecs449\project\finalproject\x64\debug\finalproject.tlog\link.read.1.tlog
e:\csulb\cecs449\project\finalproject\x64\debug\finalproject.tlog\link.write.1.tlog
