  main.cpp
E:\CSULB\CECS449\Project\FinalProject\Bone.h(45,20): warning C4244: 'initializing': conversion from 'double' to 'float', possible loss of data
  (compiling source file 'main.cpp')
  
E:\CSULB\CECS449\Project\FinalProject\Bone.h(56,20): warning C4244: 'initializing': conversion from 'double' to 'float', possible loss of data
  (compiling source file 'main.cpp')
  
E:\CSULB\CECS449\Project\FinalProject\Bone.h(67,20): warning C4244: 'initializing': conversion from 'double' to 'float', possible loss of data
  (compiling source file 'main.cpp')
  
E:\CSULB\CECS449\Project\FinalProject\SkeletalAnimation.h(31,25): warning C4244: '=': conversion from 'double' to 'float', possible loss of data
  (compiling source file 'main.cpp')
  
E:\CSULB\CECS449\Project\FinalProject\SkeletalAnimation.h(32,31): warning C4244: '=': conversion from 'double' to 'int', possible loss of data
  (compiling source file 'main.cpp')
  
E:\CSULB\CECS449\Project\FinalProject\SkeletalAnimation.h(54,44): warning C4244: 'return': conversion from 'int' to 'float', possible loss of data
  (compiling source file 'main.cpp')
  
E:\CSULB\CECS449\Project\FinalProject\SkeletalAnimation.h(98,21): warning C4018: '<': signed/unsigned mismatch
  (compiling source file 'main.cpp')
  
E:\CSULB\CECS449\Project\FinalProject\main.cpp(206,24): warning C4305: 'initializing': truncation from 'double' to 'float_t'
E:\CSULB\CECS449\Project\FinalProject\main.cpp(406,20): warning C4244: 'initializing': conversion from 'double' to 'float_t', possible loss of data
E:\CSULB\CECS449\Project\FinalProject\main.cpp(407,20): warning C4244: 'initializing': conversion from 'double' to 'float_t', possible loss of data
C:\Program Files\Microsoft Visual Studio\2022\Community\VC\Tools\MSVC\14.38.33130\include\memory(3465,56): warning C4244: 'argument': conversion from '_Ty' to 'float_t', possible loss of data
C:\Program Files\Microsoft Visual Studio\2022\Community\VC\Tools\MSVC\14.38.33130\include\memory(3465,56): warning C4244:         with
C:\Program Files\Microsoft Visual Studio\2022\Community\VC\Tools\MSVC\14.38.33130\include\memory(3465,56): warning C4244:         [
C:\Program Files\Microsoft Visual Studio\2022\Community\VC\Tools\MSVC\14.38.33130\include\memory(3465,56): warning C4244:             _Ty=double
C:\Program Files\Microsoft Visual Studio\2022\Community\VC\Tools\MSVC\14.38.33130\include\memory(3465,56): warning C4244:         ]
  (compiling source file 'main.cpp')
  C:\Program Files\Microsoft Visual Studio\2022\Community\VC\Tools\MSVC\14.38.33130\include\memory(3465,56):
  the template instantiation context (the oldest one first) is
  	E:\CSULB\CECS449\Project\FinalProject\main.cpp(250,16):
  	see reference to function template instantiation 'std::unique_ptr<RotationAnimation<SkeletalObject>,std::default_delete<RotationAnimation<SkeletalObject>>> std::make_unique<RotationAnimation<SkeletalObject>,SkeletalObject&,double,glm::vec3,0>(SkeletalObject &,double &&,glm::vec3 &&)' being compiled
  
E:\CSULB\CECS449\Project\FinalProject\Bone.h(96): warning C4715: 'Bone::GetPositionIndex': not all control paths return a value
E:\CSULB\CECS449\Project\FinalProject\Bone.h(106): warning C4715: 'Bone::GetRotationIndex': not all control paths return a value
E:\CSULB\CECS449\Project\FinalProject\Bone.h(116): warning C4715: 'Bone::GetScaleIndex': not all control paths return a value
  FinalProject.vcxproj -> E:\CSULB\CECS449\Project\x64\Debug\FinalProject.exe
  'pwsh.exe' is not recognized as an internal or external command,
  operable program or batch file.
